<?xml version="1.0" encoding="UTF-8"?>
<!-- Generated by org.testng.reporters.JUnitXMLReporter -->
<testsuite ignored="9" hostname="Abhiram" failures="0" tests="1" name="Default test" time="9.681" errors="0" timestamp="2025-08-29T10:36:41 IST">
  <testcase classname="com.orangehrm.tests.LoginOrangeHRM" name="verifyQ8" time="9.504"/>
  <testcase classname="com.orangehrm.tests.LoginOrangeHRM" name="verifyQ1" time="0.0">
    <ignored/>
  </testcase> <!-- verifyQ1 -->
  <testcase classname="com.orangehrm.tests.LoginOrangeHRM" name="verifylogin" time="0.0">
    <ignored/>
  </testcase> <!-- verifylogin -->
  <testcase classname="com.orangehrm.tests.LoginOrangeHRM" name="verifyQ2" time="0.0">
    <ignored/>
  </testcase> <!-- verifyQ2 -->
  <testcase classname="com.orangehrm.tests.LoginOrangeHRM" name="verifyQ3" time="0.0">
    <ignored/>
  </testcase> <!-- verifyQ3 -->
  <testcase classname="com.orangehrm.tests.LoginOrangeHRM" name="verifyQ4" time="0.0">
    <ignored/>
  </testcase> <!-- verifyQ4 -->
  <testcase classname="com.orangehrm.tests.LoginOrangeHRM" name="verifyQ5" time="0.0">
    <ignored/>
  </testcase> <!-- verifyQ5 -->
  <testcase classname="com.orangehrm.tests.LoginOrangeHRM" name="verifyQ6" time="0.0">
    <ignored/>
  </testcase> <!-- verifyQ6 -->
  <testcase classname="com.orangehrm.tests.LoginOrangeHRM" name="verifyQ7" time="0.0">
    <ignored/>
  </testcase> <!-- verifyQ7 -->
  <testcase classname="com.orangehrm.tests.LoginOrangeHRM" name="verifyQ9" time="0.0">
    <ignored/>
  </testcase> <!-- verifyQ9 -->
</testsuite> <!-- Default test -->
