<?xml version="1.0" encoding="UTF-8"?>
<!-- Generated by org.testng.reporters.JUnitXMLReporter -->
<testsuite ignored="0" hostname="Abhiram" failures="0" tests="3" name="Default test" time="16.334" errors="0" timestamp="2025-08-23T17:35:56 IST">
  <testcase classname="com.orangehrm.tests.LoginOrangeHRM" name="verifylogin" time="1.593"/>
  <testcase classname="com.orangehrm.tests.LoginOrangeHRM" name="verifylogin" time="1.297"/>
  <testcase classname="com.orangehrm.tests.LoginOrangeHRM" name="verifylogin" time="1.357"/>
</testsuite> <!-- Default test -->
