<?xml version="1.0" encoding="UTF-8"?>
<!-- Generated by org.testng.reporters.JUnitXMLReporter -->
<testsuite ignored="0" hostname="Abhiram" failures="0" tests="9" name="Test" time="46.872" errors="0" timestamp="2025-08-29T11:57:46 IST">
  <testcase classname="Questions.Q2" name="f" time="7.144"/>
  <testcase classname="Questions.Q3" name="f" time="8.037"/>
  <testcase classname="Questions.Q4" name="f" time="1.959"/>
  <testcase classname="Questions.Q5" name="f" time="4.858"/>
  <testcase classname="Questions.Q1" name="f" time="3.203"/>
  <testcase classname="Questions.Q6" name="f" time="5.642"/>
  <testcase classname="Questions.Q7" name="f" time="5.027"/>
  <testcase classname="Questions.Q8" name="f" time="8.161"/>
  <testcase classname="Questions.Q9" name="f" time="2.761"/>
</testsuite> <!-- Test -->
