<?xml version="1.0" encoding="UTF-8"?>
<!-- Generated by org.testng.reporters.JUnitXMLReporter -->
<testsuite ignored="0" hostname="Abhiram" failures="0" tests="9" name="Test" time="69.103" errors="0" timestamp="2025-08-29T12:17:03 IST">
  <testcase classname="Questions.Q2" name="f" time="9.659"/>
  <testcase classname="Questions.Q3" name="f" time="13.043"/>
  <testcase classname="Questions.Q4" name="f" time="3.063"/>
  <testcase classname="Questions.Q5" name="f" time="6.363"/>
  <testcase classname="Questions.Q1" name="f" time="5.228"/>
  <testcase classname="Questions.Q6" name="f" time="7.688"/>
  <testcase classname="Questions.Q7" name="f" time="7.012"/>
  <testcase classname="Questions.Q8" name="f" time="12.408"/>
  <testcase classname="Questions.Q9" name="f" time="4.548"/>
</testsuite> <!-- Test -->
