<?xml version="1.0" encoding="UTF-8"?>
<testng-results ignored="0" total="9" passed="9" failed="0" skipped="0">
  <reporter-output>
  </reporter-output>
  <suite started-at="2025-08-29T12:15:54 IST" name="Suite" finished-at="2025-08-29T12:17:03 IST" duration-ms="69103">
    <groups>
    </groups>
    <test started-at="2025-08-29T12:15:54 IST" name="Test" finished-at="2025-08-29T12:17:03 IST" duration-ms="69103">
      <class name="Questions.Q6">
        <test-method signature="f()[pri:0, instance:Questions.Q6@8f4ea7c]" started-at="2025-08-29T12:16:31 IST" name="f" finished-at="2025-08-29T12:16:39 IST" duration-ms="7688" status="PASS">
          <reporter-output>
          </reporter-output>
        </test-method> <!-- f -->
      </class> <!-- Questions.Q6 -->
      <class name="Questions.Q7">
        <test-method signature="f()[pri:0, instance:Questions.Q7@436813f3]" started-at="2025-08-29T12:16:39 IST" name="f" finished-at="2025-08-29T12:16:46 IST" duration-ms="7012" status="PASS">
          <reporter-output>
          </reporter-output>
        </test-method> <!-- f -->
      </class> <!-- Questions.Q7 -->
      <class name="Questions.Q4">
        <test-method signature="f()[pri:0, instance:Questions.Q4@1d2adfbe]" started-at="2025-08-29T12:16:16 IST" name="f" finished-at="2025-08-29T12:16:20 IST" duration-ms="3063" status="PASS">
          <reporter-output>
          </reporter-output>
        </test-method> <!-- f -->
      </class> <!-- Questions.Q4 -->
      <class name="Questions.Q5">
        <test-method signature="f()[pri:0, instance:Questions.Q5@36902638]" started-at="2025-08-29T12:16:20 IST" name="f" finished-at="2025-08-29T12:16:26 IST" duration-ms="6363" status="PASS">
          <reporter-output>
          </reporter-output>
        </test-method> <!-- f -->
      </class> <!-- Questions.Q5 -->
      <class name="Questions.Q2">
        <test-method signature="f()[pri:0, instance:Questions.Q2@3a93b025]" started-at="2025-08-29T12:15:54 IST" name="f" finished-at="2025-08-29T12:16:03 IST" duration-ms="9659" status="PASS">
          <reporter-output>
          </reporter-output>
        </test-method> <!-- f -->
      </class> <!-- Questions.Q2 -->
      <class name="Questions.Q3">
        <test-method signature="f()[pri:0, instance:Questions.Q3@49ec71f8]" started-at="2025-08-29T12:16:03 IST" name="f" finished-at="2025-08-29T12:16:16 IST" duration-ms="13043" status="PASS">
          <reporter-output>
          </reporter-output>
        </test-method> <!-- f -->
      </class> <!-- Questions.Q3 -->
      <class name="Questions.Q1">
        <test-method signature="f()[pri:0, instance:Questions.Q1@223d2c72]" started-at="2025-08-29T12:16:26 IST" name="f" finished-at="2025-08-29T12:16:31 IST" duration-ms="5228" status="PASS">
          <reporter-output>
          </reporter-output>
        </test-method> <!-- f -->
      </class> <!-- Questions.Q1 -->
      <class name="Questions.Q8">
        <test-method signature="f()[pri:0, instance:Questions.Q8@74fe5c40]" started-at="2025-08-29T12:16:46 IST" name="f" finished-at="2025-08-29T12:16:58 IST" duration-ms="12408" status="PASS">
          <reporter-output>
          </reporter-output>
        </test-method> <!-- f -->
      </class> <!-- Questions.Q8 -->
      <class name="Questions.Q9">
        <test-method signature="f()[pri:0, instance:Questions.Q9@3febb011]" started-at="2025-08-29T12:16:58 IST" name="f" finished-at="2025-08-29T12:17:03 IST" duration-ms="4548" status="PASS">
          <reporter-output>
          </reporter-output>
        </test-method> <!-- f -->
      </class> <!-- Questions.Q9 -->
    </test> <!-- Test -->
  </suite> <!-- Suite -->
</testng-results>
