<?xml version="1.0" encoding="UTF-8"?>
<testsuite xmlns:xsi="http://www.w3.org/2001/XMLSchema-instance" xsi:noNamespaceSchemaLocation="https://maven.apache.org/surefire/maven-surefire-plugin/xsd/surefire-test-report-3.0.xsd" version="3.0" name="TestSuite" time="70.397" tests="9" errors="0" skipped="0" failures="0">
  <properties>
[...]
</properties>
  <testcase name="f" classname="Questions.Q2" time="9.664">
    <system-out><![CDATA[LOGIN SUCCESSFUL
]]></system-out>
    <system-err><![CDATA[SLF4J(W): No SLF4J providers were found.
SLF4J(W): Defaulting to no-operation (NOP) logger implementation
SLF4J(W): See https://www.slf4j.org/codes.html#noProviders for further details.
Aug 29, 2025 12:15:57 PM org.openqa.selenium.devtools.CdpVersionFinder findNearestMatch
WARNING: Unable to find an exact match for CDP version 139, returning the closest version; found: 138; Please update to a Selenium version that supports CDP version 139
]]></system-err>
  </testcase>
  <testcase name="f" classname="Questions.Q3" time="13.042">
    <system-out><![CDATA[Sponsored
Lenovo IdeaPad Slim 3, Intel Core i5-12450H 12th Gen, 16GB RAM, 512GB SSD, FHD 250Nits, 14"/35.5cm, Windows 11, MSOffice 21, Grey, 1.37Kg, 83EQ005VIN,1Yr Warranty,Alexa Built-in,3 mon. GamePass Laptop
702
50+ bought in past month
₹48,999
M.R.P:
₹58,900 (17% off)
Save extra with No Cost EMI
FREE delivery Fri, 5 Sept
Service: Device Setup
Add to cart
+4 other colors/patterns

Sponsored
MSI Modern 15, Intel 12Th Gen I7-1255U, 40Cm FHD Thin & Light Laptop (16GB/1Tb NVME SSD/Windows 11 Home/Iris Xe Graphics/Classic Black/1.7Kg), B12MO-815IN
8
₹51,849
M.R.P:
₹89,990 (42% off)
Save extra with No Cost EMI
FREE delivery Fri, 5 Sept
Only 1 left in stock.
Service: Device Setup
Add to cart

Best seller
HP 15, AMD Ryzen 3 7320U (8GB LPDDR5, 512GB SSD) FHD, Anti-Glare, Micro-Edge, 15.6"/39.6cm, Win 11, Office 21, Silver, 1.59kg, fc0154AU, AMD Radeon Graphics, 1080p FHD Camera Laptop
1,764
2K+ bought in past month
₹29,790
M.R.P:
₹45,995 (35% off)
Prime Savings 3% Off on ICICI Credit CBCCC...
FREE delivery Sun, 31 Aug
Or fastest delivery Tomorrow, 30 Aug
Service: Device Setup
Add to cart

HP 15s, 12th Gen Intel Core i3-1215U (8GB DDR4, 512GB SSD) Anti-Glare, 15.6"/39.6cm,FHD, Win 11, MS Office 21, Silver, 1.69kg, fy5006tu/fd0751tu/fd0752tu, UHD Graphics, HD Camera, Dual Speakers Laptop
1,602
400+ bought in past month
₹32,990
M.R.P:
₹42,359 (22% off)
Save extra with No Cost EMI
FREE delivery Sun, 31 Aug
Or fastest delivery Tomorrow, 30 Aug
Service: Device Setup
Add to cart

Lenovo V15 Intel Core i5 13th Gen 15.6" (39.62 cm) FHD (1920x1080) Antiglare 250 Nits Thin and Light Laptop (8GB RAM/512GB SSD/Windows 11 Home/Iron Grey/1Y Onsite +1Y ADP/1.65 kg), 83CC000EIN
₹46,490
M.R.P:
₹72,000 (35% off)
FREE delivery Sun, 31 Aug
Or fastest delivery Tomorrow, 30 Aug
Service: Device Setup
Add to cart

]]></system-out>
    <system-err><![CDATA[Aug 29, 2025 12:16:05 PM org.openqa.selenium.devtools.CdpVersionFinder findNearestMatch
WARNING: Unable to find an exact match for CDP version 139, returning the closest version; found: 138; Please update to a Selenium version that supports CDP version 139
]]></system-err>
  </testcase>
  <testcase name="f" classname="Questions.Q4" time="3.064">
    <system-err><![CDATA[Aug 29, 2025 12:16:18 PM org.openqa.selenium.devtools.CdpVersionFinder findNearestMatch
WARNING: Unable to find an exact match for CDP version 139, returning the closest version; found: 138; Please update to a Selenium version that supports CDP version 139
]]></system-err>
  </testcase>
  <testcase name="f" classname="Questions.Q5" time="6.369">
    <system-out><![CDATA[I am a JS Alert
]]></system-out>
    <system-err><![CDATA[Aug 29, 2025 12:16:22 PM org.openqa.selenium.devtools.CdpVersionFinder findNearestMatch
WARNING: Unable to find an exact match for CDP version 139, returning the closest version; found: 138; Please update to a Selenium version that supports CDP version 139
]]></system-err>
  </testcase>
  <testcase name="f" classname="Questions.Q1" time="5.229">
    <system-out><![CDATA[Google
]]></system-out>
    <system-err><![CDATA[Aug 29, 2025 12:16:28 PM org.openqa.selenium.devtools.CdpVersionFinder findNearestMatch
WARNING: Unable to find an exact match for CDP version 139, returning the closest version; found: 138; Please update to a Selenium version that supports CDP version 139
]]></system-err>
  </testcase>
  <testcase name="f" classname="Questions.Q6" time="7.69">
    <system-out><![CDATA[c2 is already selected
]]></system-out>
    <system-err><![CDATA[Aug 29, 2025 12:16:35 PM org.openqa.selenium.devtools.CdpVersionFinder findNearestMatch
WARNING: Unable to find an exact match for CDP version 139, returning the closest version; found: 138; Please update to a Selenium version that supports CDP version 139
]]></system-err>
  </testcase>
  <testcase name="f" classname="Questions.Q7" time="7.01">
    <system-out><![CDATA[John
Frank
Jason
Tim
jdoe@hotmail.com
]]></system-out>
    <system-err><![CDATA[Aug 29, 2025 12:16:42 PM org.openqa.selenium.devtools.CdpVersionFinder findNearestMatch
WARNING: Unable to find an exact match for CDP version 139, returning the closest version; found: 138; Please update to a Selenium version that supports CDP version 139
]]></system-err>
  </testcase>
  <testcase name="f" classname="Questions.Q8" time="12.407">
    <system-out><![CDATA[2
New Window
]]></system-out>
    <system-err><![CDATA[Aug 29, 2025 12:16:50 PM org.openqa.selenium.devtools.CdpVersionFinder findNearestMatch
WARNING: Unable to find an exact match for CDP version 139, returning the closest version; found: 138; Please update to a Selenium version that supports CDP version 139
]]></system-err>
  </testcase>
  <testcase name="f" classname="Questions.Q9" time="4.547">
    <system-err><![CDATA[Aug 29, 2025 12:17:01 PM org.openqa.selenium.devtools.CdpVersionFinder findNearestMatch
WARNING: Unable to find an exact match for CDP version 139, returning the closest version; found: 138; Please update to a Selenium version that supports CDP version 139
]]></system-err>
  </testcase>
</testsuite>