<?xml version="1.0" encoding="UTF-8"?>
<testng-results ignored="0" total="1" passed="1" failed="0" skipped="0">
  <reporter-output>
  </reporter-output>
  <suite started-at="2025-08-26T13:31:49 IST" name="Default suite" finished-at="2025-08-26T13:31:51 IST" duration-ms="1980">
    <groups>
    </groups>
    <test started-at="2025-08-26T13:31:49 IST" name="Default test" finished-at="2025-08-26T13:31:51 IST" duration-ms="1980">
      <class name="Questions.Q9">
        <test-method signature="f()[pri:0, instance:Questions.Q9@185a6e9]" started-at="2025-08-26T13:31:49 IST" name="f" finished-at="2025-08-26T13:31:51 IST" duration-ms="1953" status="PASS">
          <reporter-output>
          </reporter-output>
        </test-method> <!-- f -->
      </class> <!-- Questions.Q9 -->
    </test> <!-- Default test -->
  </suite> <!-- Default suite -->
</testng-results>
